26-02 12:47:35 [main] [ERROR] Test[38]: Starting test at Wed Feb 26 12:47:35 CET 2014
26-02 12:49:46 [main] [INFO ] Test[33]: Starting test at Wed Feb 26 12:49:46 CET 2014
26-02 12:58:02 [main] [INFO ] Test[33]: Starting test at Wed Feb 26 12:58:02 CET 2014
26-02 12:58:02 [main] [INFO ] Test[37]: Ending test at Wed Feb 26 12:58:02 CET 2014
26-02 12:59:03 [main] [INFO ] Test[33]: Starting test at Wed Feb 26 12:59:03 CET 2014
26-02 12:59:03 [main] [INFO ] Test[52]: Building Models
26-02 12:59:03 [main] [INFO ] Test[69]: OK
26-02 12:59:03 [main] [INFO ] Test[37]: Ending test at Wed Feb 26 12:59:03 CET 2014
26-02 13:00:01 [main] [INFO ] Test[33]: Starting test at Wed Feb 26 13:00:01 CET 2014
26-02 13:00:01 [main] [INFO ] Test[52]: Building Models
26-02 13:00:01 [main] [INFO ] Test[37]: Ending test at Wed Feb 26 13:00:01 CET 2014
26-02 13:03:41 [main] [INFO ] Test[33]: Starting test at Wed Feb 26 13:03:41 CET 2014
26-02 13:03:41 [main] [INFO ] Test[53]: Building Models...
26-02 13:03:41 [main] [INFO ] Test[41]: Configurating game...
26-02 13:03:41 [main] [INFO ] Test[73]: Bulding camps...
26-02 13:03:41 [main] [INFO ] Test[37]: Ending test at Wed Feb 26 13:03:41 CET 2014
26-02 13:09:00 [main] [INFO ] Test[37]: Starting test at Wed Feb 26 13:09:00 CET 2014
26-02 13:09:00 [main] [INFO ] Test[59]: Building Models...
26-02 13:09:00 [main] [INFO ] Test[47]: Configurating scenario...
26-02 13:09:00 [main] [INFO ] Test[79]: Bulding positions...
26-02 13:09:00 [main] [INFO ] Test[91]: Configurating game...
26-02 13:09:00 [main] [INFO ] Test[96]: Mounting camps...
26-02 13:09:00 [main] [INFO ] Test[43]: Ending test at Wed Feb 26 13:09:00 CET 2014
26-02 13:33:38 [main] [INFO ] Test[37]: Starting test at Wed Feb 26 13:33:38 CET 2014
26-02 13:33:38 [main] [INFO ] Test[38]: Ending test at Wed Feb 26 13:33:38 CET 2014
26-02 14:49:28 [main] [INFO ] Test[43]: Starting test at Wed Feb 26 14:49:28 CET 2014
26-02 14:49:28 [main] [INFO ] Test[74]: Building Models...
26-02 14:49:28 [main] [INFO ] Test[96]: Configurating scenario...
26-02 14:49:28 [main] [INFO ] Test[108]: Bulding positions...
26-02 14:49:28 [main] [INFO ] Test[120]: Configurating game...
26-02 14:49:28 [main] [INFO ] Test[125]: Mounting camps...
26-02 14:49:28 [main] [INFO ] Test[64]: Game prepared

26-02 14:49:28 [main] [INFO ] Test[68]: Mounting services...
26-02 14:51:31 [main] [INFO ] Test[43]: Starting test at Wed Feb 26 14:51:31 CET 2014
26-02 14:51:31 [main] [INFO ] Test[74]: Building Models...
26-02 14:51:31 [main] [INFO ] Test[96]: Configurating scenario...
26-02 14:51:31 [main] [INFO ] Test[108]: Bulding positions...
26-02 14:51:31 [main] [INFO ] Test[122]: Configurating game...
26-02 14:51:31 [main] [INFO ] Test[127]: Mounting camps...
26-02 14:51:31 [main] [INFO ] Test[64]: Game prepared

26-02 14:51:31 [main] [INFO ] Test[68]: Mounting services...
26-02 14:53:28 [main] [INFO ] Test[43]: Starting test at Wed Feb 26 14:53:28 CET 2014
26-02 14:53:28 [main] [INFO ] Test[74]: Building Models...
26-02 14:53:28 [main] [INFO ] Test[96]: Configurating scenario...
26-02 14:53:28 [main] [INFO ] Test[108]: Bulding positions...
26-02 14:53:28 [main] [INFO ] Test[122]: Configurating game...
26-02 14:53:28 [main] [INFO ] Test[127]: Mounting camps...
26-02 14:53:28 [main] [INFO ] Test[64]: Game prepared

26-02 14:53:28 [main] [INFO ] Test[68]: Mounting services...
26-02 14:53:42 [main] [INFO ] Test[43]: Starting test at Wed Feb 26 14:53:42 CET 2014
26-02 14:53:42 [main] [INFO ] Test[74]: Building Models...
26-02 14:53:42 [main] [INFO ] Test[96]: Configurating scenario...
26-02 14:53:42 [main] [INFO ] Test[108]: Bulding positions...
26-02 14:53:42 [main] [INFO ] Test[122]: Configurating game...
26-02 14:53:42 [main] [INFO ] Test[127]: Mounting camps...
26-02 14:53:42 [main] [INFO ] Test[64]: Game prepared

26-02 14:53:42 [main] [INFO ] Test[68]: Mounting services...
26-02 14:53:42 [main] [INFO ] Test[55]: org.orion.ss.model.impl.Player@99fb56c
26-02 14:53:42 [main] [INFO ] Test[51]: Ending test at Wed Feb 26 14:53:42 CET 2014
26-02 14:54:26 [main] [INFO ] Test[43]: Starting test at Wed Feb 26 14:54:26 CET 2014
26-02 14:54:26 [main] [INFO ] Test[73]: Building Models...
26-02 14:54:26 [main] [INFO ] Test[95]: Configurating scenario...
26-02 14:54:26 [main] [INFO ] Test[107]: Bulding positions...
26-02 14:54:26 [main] [INFO ] Test[121]: Configurating game...
26-02 14:54:26 [main] [INFO ] Test[126]: Mounting camps...
26-02 14:54:26 [main] [INFO ] Test[67]: Mounting services...
26-02 14:54:26 [main] [INFO ] Test[55]: org.orion.ss.model.impl.Player@99fb56c
26-02 14:54:26 [main] [INFO ] Test[51]: Ending test at Wed Feb 26 14:54:26 CET 2014
26-02 16:27:45 [main] [INFO ] Test[43]: Starting test at Wed Feb 26 16:27:45 CET 2014
26-02 16:27:45 [main] [INFO ] Test[73]: Building Models...
26-02 16:27:45 [main] [INFO ] Test[95]: Configurating scenario...
26-02 16:27:45 [main] [INFO ] Test[107]: Bulding positions...
26-02 16:27:45 [main] [INFO ] Test[121]: Configurating game...
26-02 16:27:45 [main] [INFO ] Test[126]: Mounting camps...
26-02 16:27:45 [main] [INFO ] Test[67]: Mounting services...
26-02 16:27:45 [main] [INFO ] Test[55]: Player [email=ger@player, played=false]
26-02 16:27:45 [main] [INFO ] Test[51]: Ending test at Wed Feb 26 16:27:45 CET 2014
26-02 16:27:56 [main] [INFO ] Test[43]: Starting test at Wed Feb 26 16:27:56 CET 2014
26-02 16:27:56 [main] [INFO ] Test[73]: Building Models...
26-02 16:27:56 [main] [INFO ] Test[95]: Configurating scenario...
26-02 16:27:56 [main] [INFO ] Test[107]: Bulding positions...
26-02 16:27:56 [main] [INFO ] Test[121]: Configurating game...
26-02 16:27:56 [main] [INFO ] Test[126]: Mounting camps...
26-02 16:27:56 [main] [INFO ] Test[67]: Mounting services...
26-02 16:27:56 [main] [INFO ] Test[55]: Player [email=ger@player, played=false]
26-02 16:27:56 [main] [INFO ] Test[51]: Ending test at Wed Feb 26 16:27:56 CET 2014
26-02 16:32:14 [main] [INFO ] Test[43]: Starting test at Wed Feb 26 16:32:14 CET 2014
26-02 16:32:14 [main] [INFO ] Test[73]: Building Models...
26-02 16:32:14 [main] [INFO ] Test[95]: Configurating scenario...
26-02 16:32:14 [main] [INFO ] Test[107]: Bulding positions...
26-02 16:32:14 [main] [INFO ] Test[121]: Configurating game...
26-02 16:32:14 [main] [INFO ] Test[126]: Mounting camps...
26-02 16:32:14 [main] [INFO ] Test[67]: Mounting services...
26-02 16:32:14 [main] [INFO ] Test[55]: Player [email=ger@player, played=false]
26-02 16:32:14 [main] [INFO ] Test[51]: Ending test at Wed Feb 26 16:32:14 CET 2014
26-02 16:32:20 [main] [INFO ] Test[43]: Starting test at Wed Feb 26 16:32:20 CET 2014
26-02 16:32:20 [main] [INFO ] Test[73]: Building Models...
26-02 16:32:20 [main] [INFO ] Test[95]: Configurating scenario...
26-02 16:32:20 [main] [INFO ] Test[107]: Bulding positions...
26-02 16:32:20 [main] [INFO ] Test[121]: Configurating game...
26-02 16:32:20 [main] [INFO ] Test[126]: Mounting camps...
26-02 16:32:20 [main] [INFO ] Test[67]: Mounting services...
26-02 16:32:20 [main] [INFO ] Test[55]: Player [email=uk@player, played=false]
26-02 16:32:20 [main] [INFO ] Test[51]: Ending test at Wed Feb 26 16:32:20 CET 2014
26-02 16:32:25 [main] [INFO ] Test[43]: Starting test at Wed Feb 26 16:32:25 CET 2014
26-02 16:32:25 [main] [INFO ] Test[73]: Building Models...
26-02 16:32:25 [main] [INFO ] Test[95]: Configurating scenario...
26-02 16:32:25 [main] [INFO ] Test[107]: Bulding positions...
26-02 16:32:25 [main] [INFO ] Test[121]: Configurating game...
26-02 16:32:25 [main] [INFO ] Test[126]: Mounting camps...
26-02 16:32:25 [main] [INFO ] Test[67]: Mounting services...
26-02 16:32:25 [main] [INFO ] Test[55]: Player [email=ger@player, played=false]
26-02 16:32:25 [main] [INFO ] Test[51]: Ending test at Wed Feb 26 16:32:25 CET 2014
26-02 16:32:28 [main] [INFO ] Test[43]: Starting test at Wed Feb 26 16:32:28 CET 2014
26-02 16:32:28 [main] [INFO ] Test[73]: Building Models...
26-02 16:32:28 [main] [INFO ] Test[95]: Configurating scenario...
26-02 16:32:28 [main] [INFO ] Test[107]: Bulding positions...
26-02 16:32:28 [main] [INFO ] Test[121]: Configurating game...
26-02 16:32:28 [main] [INFO ] Test[126]: Mounting camps...
26-02 16:32:28 [main] [INFO ] Test[67]: Mounting services...
26-02 16:32:28 [main] [INFO ] Test[55]: Player [email=ger@player, played=false]
26-02 16:32:28 [main] [INFO ] Test[51]: Ending test at Wed Feb 26 16:32:28 CET 2014
26-02 16:32:31 [main] [INFO ] Test[43]: Starting test at Wed Feb 26 16:32:31 CET 2014
26-02 16:32:31 [main] [INFO ] Test[73]: Building Models...
26-02 16:32:31 [main] [INFO ] Test[95]: Configurating scenario...
26-02 16:32:31 [main] [INFO ] Test[107]: Bulding positions...
26-02 16:32:31 [main] [INFO ] Test[121]: Configurating game...
26-02 16:32:31 [main] [INFO ] Test[126]: Mounting camps...
26-02 16:32:31 [main] [INFO ] Test[67]: Mounting services...
26-02 16:32:31 [main] [INFO ] Test[55]: Player [email=ger@player, played=false]
26-02 16:32:31 [main] [INFO ] Test[51]: Ending test at Wed Feb 26 16:32:31 CET 2014
26-02 16:32:34 [main] [INFO ] Test[43]: Starting test at Wed Feb 26 16:32:34 CET 2014
26-02 16:32:34 [main] [INFO ] Test[73]: Building Models...
26-02 16:32:34 [main] [INFO ] Test[95]: Configurating scenario...
26-02 16:32:34 [main] [INFO ] Test[107]: Bulding positions...
26-02 16:32:34 [main] [INFO ] Test[121]: Configurating game...
26-02 16:32:34 [main] [INFO ] Test[126]: Mounting camps...
26-02 16:32:34 [main] [INFO ] Test[67]: Mounting services...
26-02 16:32:34 [main] [INFO ] Test[55]: Player [email=uk@player, played=false]
26-02 16:32:34 [main] [INFO ] Test[51]: Ending test at Wed Feb 26 16:32:34 CET 2014
26-02 16:33:03 [main] [INFO ] Test[43]: Starting test at Wed Feb 26 16:33:03 CET 2014
26-02 16:33:03 [main] [INFO ] Test[73]: Building Models...
26-02 16:33:03 [main] [INFO ] Test[95]: Configurating scenario...
26-02 16:33:03 [main] [INFO ] Test[107]: Bulding positions...
26-02 16:33:03 [main] [INFO ] Test[121]: Configurating game...
26-02 16:33:03 [main] [INFO ] Test[126]: Mounting camps...
26-02 16:33:03 [main] [INFO ] Test[67]: Mounting services...
26-02 16:33:03 [main] [INFO ] Test[55]: Player [email=ger@player, played=false]
26-02 16:33:03 [main] [INFO ] Test[51]: Ending test at Wed Feb 26 16:33:03 CET 2014
26-02 16:33:06 [main] [INFO ] Test[43]: Starting test at Wed Feb 26 16:33:06 CET 2014
26-02 16:33:06 [main] [INFO ] Test[73]: Building Models...
26-02 16:33:06 [main] [INFO ] Test[95]: Configurating scenario...
26-02 16:33:06 [main] [INFO ] Test[107]: Bulding positions...
26-02 16:33:06 [main] [INFO ] Test[121]: Configurating game...
26-02 16:33:06 [main] [INFO ] Test[126]: Mounting camps...
26-02 16:33:06 [main] [INFO ] Test[67]: Mounting services...
26-02 16:33:06 [main] [INFO ] Test[55]: Player [email=ger@player, played=false]
26-02 16:33:06 [main] [INFO ] Test[51]: Ending test at Wed Feb 26 16:33:06 CET 2014
26-02 16:33:14 [main] [INFO ] Test[43]: Starting test at Wed Feb 26 16:33:14 CET 2014
26-02 16:33:14 [main] [INFO ] Test[73]: Building Models...
26-02 16:33:14 [main] [INFO ] Test[95]: Configurating scenario...
26-02 16:33:14 [main] [INFO ] Test[107]: Bulding positions...
26-02 16:33:14 [main] [INFO ] Test[121]: Configurating game...
26-02 16:33:14 [main] [INFO ] Test[126]: Mounting camps...
26-02 16:33:14 [main] [INFO ] Test[67]: Mounting services...
26-02 16:33:14 [main] [INFO ] Test[55]: Player [email=ger@player, played=false]
26-02 16:33:14 [main] [INFO ] Test[51]: Ending test at Wed Feb 26 16:33:14 CET 2014
26-02 16:33:17 [main] [INFO ] Test[43]: Starting test at Wed Feb 26 16:33:17 CET 2014
26-02 16:33:17 [main] [INFO ] Test[73]: Building Models...
26-02 16:33:17 [main] [INFO ] Test[95]: Configurating scenario...
26-02 16:33:17 [main] [INFO ] Test[107]: Bulding positions...
26-02 16:33:17 [main] [INFO ] Test[121]: Configurating game...
26-02 16:33:17 [main] [INFO ] Test[126]: Mounting camps...
26-02 16:33:17 [main] [INFO ] Test[67]: Mounting services...
26-02 16:33:17 [main] [INFO ] Test[55]: Player [email=ger@player, played=false]
26-02 16:33:17 [main] [INFO ] Test[51]: Ending test at Wed Feb 26 16:33:17 CET 2014
26-02 16:33:20 [main] [INFO ] Test[43]: Starting test at Wed Feb 26 16:33:20 CET 2014
26-02 16:33:20 [main] [INFO ] Test[73]: Building Models...
26-02 16:33:20 [main] [INFO ] Test[95]: Configurating scenario...
26-02 16:33:20 [main] [INFO ] Test[107]: Bulding positions...
26-02 16:33:20 [main] [INFO ] Test[121]: Configurating game...
26-02 16:33:20 [main] [INFO ] Test[126]: Mounting camps...
26-02 16:33:20 [main] [INFO ] Test[67]: Mounting services...
26-02 16:33:20 [main] [INFO ] Test[55]: Player [email=ger@player, played=false]
26-02 16:33:20 [main] [INFO ] Test[51]: Ending test at Wed Feb 26 16:33:20 CET 2014
26-02 16:33:22 [main] [INFO ] Test[43]: Starting test at Wed Feb 26 16:33:22 CET 2014
26-02 16:33:22 [main] [INFO ] Test[73]: Building Models...
26-02 16:33:22 [main] [INFO ] Test[95]: Configurating scenario...
26-02 16:33:22 [main] [INFO ] Test[107]: Bulding positions...
26-02 16:33:22 [main] [INFO ] Test[121]: Configurating game...
26-02 16:33:22 [main] [INFO ] Test[126]: Mounting camps...
26-02 16:33:22 [main] [INFO ] Test[67]: Mounting services...
26-02 16:33:22 [main] [INFO ] Test[55]: Player [email=ger@player, played=false]
26-02 16:33:22 [main] [INFO ] Test[51]: Ending test at Wed Feb 26 16:33:22 CET 2014
26-02 16:33:25 [main] [INFO ] Test[43]: Starting test at Wed Feb 26 16:33:25 CET 2014
26-02 16:33:25 [main] [INFO ] Test[73]: Building Models...
26-02 16:33:25 [main] [INFO ] Test[95]: Configurating scenario...
26-02 16:33:25 [main] [INFO ] Test[107]: Bulding positions...
26-02 16:33:25 [main] [INFO ] Test[121]: Configurating game...
26-02 16:33:25 [main] [INFO ] Test[126]: Mounting camps...
26-02 16:33:25 [main] [INFO ] Test[67]: Mounting services...
26-02 16:33:25 [main] [INFO ] Test[55]: Player [email=ger@player, played=false]
26-02 16:33:25 [main] [INFO ] Test[51]: Ending test at Wed Feb 26 16:33:25 CET 2014
26-02 16:33:28 [main] [INFO ] Test[43]: Starting test at Wed Feb 26 16:33:28 CET 2014
26-02 16:33:28 [main] [INFO ] Test[73]: Building Models...
26-02 16:33:28 [main] [INFO ] Test[95]: Configurating scenario...
26-02 16:33:28 [main] [INFO ] Test[107]: Bulding positions...
26-02 16:33:28 [main] [INFO ] Test[121]: Configurating game...
26-02 16:33:28 [main] [INFO ] Test[126]: Mounting camps...
26-02 16:33:28 [main] [INFO ] Test[67]: Mounting services...
26-02 16:33:28 [main] [INFO ] Test[55]: Player [email=ger@player, played=false]
26-02 16:33:28 [main] [INFO ] Test[51]: Ending test at Wed Feb 26 16:33:28 CET 2014
26-02 16:33:46 [main] [INFO ] Test[43]: Starting test at Wed Feb 26 16:33:46 CET 2014
26-02 16:33:46 [main] [INFO ] Test[73]: Building Models...
26-02 16:33:46 [main] [INFO ] Test[95]: Configurating scenario...
26-02 16:33:46 [main] [INFO ] Test[107]: Bulding positions...
26-02 16:33:46 [main] [INFO ] Test[121]: Configurating game...
26-02 16:33:46 [main] [INFO ] Test[126]: Mounting camps...
26-02 16:33:46 [main] [INFO ] Test[67]: Mounting services...
26-02 16:33:46 [main] [INFO ] Test[55]: Player [email=ger@player, played=false]
26-02 16:33:46 [main] [INFO ] Test[51]: Ending test at Wed Feb 26 16:33:46 CET 2014
26-02 16:33:50 [main] [INFO ] Test[43]: Starting test at Wed Feb 26 16:33:50 CET 2014
26-02 16:33:50 [main] [INFO ] Test[73]: Building Models...
26-02 16:33:50 [main] [INFO ] Test[95]: Configurating scenario...
26-02 16:33:50 [main] [INFO ] Test[107]: Bulding positions...
26-02 16:33:50 [main] [INFO ] Test[121]: Configurating game...
26-02 16:33:50 [main] [INFO ] Test[126]: Mounting camps...
26-02 16:33:50 [main] [INFO ] Test[67]: Mounting services...
26-02 16:33:50 [main] [INFO ] Test[55]: Player [email=ger@player, played=false]
26-02 16:33:50 [main] [INFO ] Test[51]: Ending test at Wed Feb 26 16:33:50 CET 2014
26-02 16:33:53 [main] [INFO ] Test[43]: Starting test at Wed Feb 26 16:33:53 CET 2014
26-02 16:33:53 [main] [INFO ] Test[73]: Building Models...
26-02 16:33:53 [main] [INFO ] Test[95]: Configurating scenario...
26-02 16:33:53 [main] [INFO ] Test[107]: Bulding positions...
26-02 16:33:53 [main] [INFO ] Test[121]: Configurating game...
26-02 16:33:53 [main] [INFO ] Test[126]: Mounting camps...
26-02 16:33:53 [main] [INFO ] Test[67]: Mounting services...
26-02 16:33:53 [main] [INFO ] Test[55]: Player [email=uk@player, played=false]
26-02 16:33:53 [main] [INFO ] Test[51]: Ending test at Wed Feb 26 16:33:53 CET 2014
26-02 16:45:03 [AWT-EventQueue-0] [INFO ] GraphicTest$1[29]: Ending test at Wed Feb 26 16:45:03 CET 2014
26-02 16:45:37 [main] [INFO ] GraphicTest[20]: Starting test at Wed Feb 26 16:45:37 CET 2014
26-02 16:45:40 [AWT-EventQueue-0] [INFO ] GraphicTest$1[31]: Ending test at Wed Feb 26 16:45:40 CET 2014
26-02 16:45:46 [main] [INFO ] GraphicTest[20]: Starting test at Wed Feb 26 16:45:46 CET 2014
26-02 16:45:51 [AWT-EventQueue-0] [INFO ] GraphicTest$1[31]: Ending test at Wed Feb 26 16:45:51 CET 2014
26-02 16:45:56 [main] [INFO ] GraphicTest[20]: Starting test at Wed Feb 26 16:45:56 CET 2014
26-02 16:46:03 [AWT-EventQueue-0] [INFO ] GraphicTest$1[31]: Ending test at Wed Feb 26 16:46:03 CET 2014
26-02 16:58:47 [main] [INFO ] Test[23]: Starting test at Wed Feb 26 16:58:47 CET 2014
26-02 16:58:47 [main] [INFO ] Test[40]: Mounting services...
26-02 16:58:47 [main] [INFO ] Test[34]: Player [email=ger@player, played=false]
26-02 16:58:47 [main] [INFO ] Test[30]: Ending test at Wed Feb 26 16:58:47 CET 2014
26-02 17:05:20 [main] [INFO ] GraphicTest[27]: Starting test at Wed Feb 26 17:05:20 CET 2014
26-02 17:05:22 [AWT-EventQueue-0] [INFO ] GraphicTest$1[44]: Ending test at Wed Feb 26 17:05:22 CET 2014
26-02 17:13:15 [main] [INFO ] GraphicTest[31]: Starting test at Wed Feb 26 17:13:15 CET 2014
26-02 17:13:23 [AWT-EventQueue-0] [INFO ] GraphicTest$1[57]: Ending test at Wed Feb 26 17:13:23 CET 2014
26-02 17:14:19 [main] [INFO ] GraphicTest[31]: Starting test at Wed Feb 26 17:14:19 CET 2014
26-02 17:14:28 [AWT-EventQueue-0] [INFO ] GraphicTest$1[61]: Ending test at Wed Feb 26 17:14:28 CET 2014
26-02 17:24:43 [main] [INFO ] GraphicTest[37]: Starting test at Wed Feb 26 17:24:43 CET 2014
26-02 17:24:46 [AWT-EventQueue-0] [INFO ] GraphicTest$1[67]: Ending test at Wed Feb 26 17:24:46 CET 2014
26-02 17:26:12 [main] [INFO ] GraphicTest[37]: Starting test at Wed Feb 26 17:26:12 CET 2014
26-02 17:26:26 [AWT-EventQueue-0] [INFO ] GraphicTest$1[65]: Ending test at Wed Feb 26 17:26:26 CET 2014
26-02 17:27:04 [main] [INFO ] GraphicTest[38]: Starting test at Wed Feb 26 17:27:04 CET 2014
26-02 17:27:06 [AWT-EventQueue-0] [INFO ] GraphicTest$1[66]: Ending test at Wed Feb 26 17:27:06 CET 2014
26-02 17:27:19 [main] [INFO ] GraphicTest[38]: Starting test at Wed Feb 26 17:27:19 CET 2014
26-02 17:27:21 [AWT-EventQueue-0] [INFO ] GraphicTest$1[66]: Ending test at Wed Feb 26 17:27:21 CET 2014
26-02 17:27:29 [main] [INFO ] GraphicTest[38]: Starting test at Wed Feb 26 17:27:29 CET 2014
26-02 17:27:42 [AWT-EventQueue-0] [INFO ] GraphicTest$1[66]: Ending test at Wed Feb 26 17:27:42 CET 2014
26-02 17:30:05 [main] [INFO ] GraphicTest[43]: Starting test at Wed Feb 26 17:30:05 CET 2014
26-02 17:30:09 [AWT-EventQueue-0] [INFO ] GraphicTest$1[71]: Ending test at Wed Feb 26 17:30:09 CET 2014
26-02 17:30:26 [main] [INFO ] GraphicTest[43]: Starting test at Wed Feb 26 17:30:26 CET 2014
26-02 17:30:31 [AWT-EventQueue-0] [INFO ] GraphicTest$1[71]: Ending test at Wed Feb 26 17:30:31 CET 2014
26-02 17:32:44 [main] [INFO ] GraphicTest[43]: Starting test at Wed Feb 26 17:32:44 CET 2014
26-02 17:33:33 [main] [INFO ] GraphicTest[43]: Starting test at Wed Feb 26 17:33:33 CET 2014
26-02 17:34:28 [main] [INFO ] GraphicTest[43]: Starting test at Wed Feb 26 17:34:28 CET 2014
26-02 17:34:37 [AWT-EventQueue-0] [INFO ] GraphicTest$1[71]: Ending test at Wed Feb 26 17:34:37 CET 2014
26-02 17:38:05 [main] [INFO ] GraphicTest[43]: Starting test at Wed Feb 26 17:38:05 CET 2014
26-02 17:39:23 [main] [INFO ] GraphicTest[43]: Starting test at Wed Feb 26 17:39:23 CET 2014
26-02 17:40:23 [main] [INFO ] GraphicTest[43]: Starting test at Wed Feb 26 17:40:23 CET 2014
26-02 17:40:43 [main] [INFO ] GraphicTest[43]: Starting test at Wed Feb 26 17:40:43 CET 2014
26-02 17:40:51 [AWT-EventQueue-0] [INFO ] GraphicTest$1[71]: Ending test at Wed Feb 26 17:40:51 CET 2014
26-02 17:41:13 [main] [INFO ] GraphicTest[43]: Starting test at Wed Feb 26 17:41:13 CET 2014
26-02 17:41:14 [AWT-EventQueue-0] [INFO ] GraphicTest$1[71]: Ending test at Wed Feb 26 17:41:14 CET 2014
26-02 17:49:23 [main] [INFO ] GraphicTest[43]: Starting test at Wed Feb 26 17:49:23 CET 2014
26-02 17:49:29 [AWT-EventQueue-0] [INFO ] GraphicTest$1[71]: Ending test at Wed Feb 26 17:49:29 CET 2014
26-02 17:49:42 [main] [INFO ] GraphicTest[43]: Starting test at Wed Feb 26 17:49:42 CET 2014
26-02 17:49:48 [AWT-EventQueue-0] [INFO ] GraphicTest$1[71]: Ending test at Wed Feb 26 17:49:48 CET 2014
26-02 17:50:16 [main] [INFO ] GraphicTest[43]: Starting test at Wed Feb 26 17:50:16 CET 2014
26-02 17:50:23 [AWT-EventQueue-0] [INFO ] GraphicTest$1[71]: Ending test at Wed Feb 26 17:50:23 CET 2014
26-02 17:50:30 [main] [INFO ] GraphicTest[43]: Starting test at Wed Feb 26 17:50:30 CET 2014
26-02 17:50:50 [AWT-EventQueue-0] [INFO ] GraphicTest$1[71]: Ending test at Wed Feb 26 17:50:50 CET 2014
26-02 18:04:44 [main] [INFO ] GraphicTest[43]: Starting test at Wed Feb 26 18:04:44 CET 2014
26-02 18:04:48 [AWT-EventQueue-0] [INFO ] GraphicTest$1[71]: Ending test at Wed Feb 26 18:04:48 CET 2014
26-02 18:15:45 [main] [INFO ] GraphicTest[49]: Starting test at Wed Feb 26 18:15:45 CET 2014
26-02 18:15:49 [AWT-EventQueue-0] [INFO ] GraphicTest$1[77]: Ending test at Wed Feb 26 18:15:49 CET 2014
26-02 18:16:14 [main] [INFO ] GraphicTest[49]: Starting test at Wed Feb 26 18:16:14 CET 2014
26-02 18:16:26 [AWT-EventQueue-0] [INFO ] GraphicTest$1[77]: Ending test at Wed Feb 26 18:16:26 CET 2014
26-02 18:36:19 [main] [INFO ] GraphicTest[51]: Starting test at Wed Feb 26 18:36:19 CET 2014
26-02 18:36:24 [AWT-EventQueue-0] [INFO ] GraphicTest$1[85]: Ending test at Wed Feb 26 18:36:24 CET 2014
26-02 18:37:09 [main] [INFO ] GraphicTest[51]: Starting test at Wed Feb 26 18:37:09 CET 2014
26-02 18:37:21 [main] [INFO ] GraphicTest[51]: Starting test at Wed Feb 26 18:37:21 CET 2014
26-02 18:37:24 [AWT-EventQueue-0] [INFO ] GraphicTest$1[85]: Ending test at Wed Feb 26 18:37:24 CET 2014
26-02 18:38:10 [main] [INFO ] GraphicTest[51]: Starting test at Wed Feb 26 18:38:10 CET 2014
26-02 18:38:23 [AWT-EventQueue-0] [INFO ] GraphicTest$1[85]: Ending test at Wed Feb 26 18:38:23 CET 2014
26-02 18:39:05 [main] [INFO ] GraphicTest[51]: Starting test at Wed Feb 26 18:39:05 CET 2014
26-02 18:39:17 [AWT-EventQueue-0] [INFO ] GraphicTest$1[85]: Ending test at Wed Feb 26 18:39:17 CET 2014
26-02 18:39:19 [AWT-EventQueue-0] [INFO ] GraphicTest$1[85]: Ending test at Wed Feb 26 18:39:19 CET 2014
27-02 10:13:42 [main] [INFO ] GraphicTest[65]: Starting test at Thu Feb 27 10:13:42 CET 2014
27-02 10:13:49 [AWT-EventQueue-0] [INFO ] GraphicTest$2[126]: Ending test at Thu Feb 27 10:13:49 CET 2014
27-02 10:16:24 [main] [INFO ] GraphicTest[65]: Starting test at Thu Feb 27 10:16:24 CET 2014
27-02 10:16:46 [AWT-EventQueue-0] [INFO ] GraphicTest$2[126]: Ending test at Thu Feb 27 10:16:46 CET 2014
27-02 10:17:04 [main] [INFO ] GraphicTest[65]: Starting test at Thu Feb 27 10:17:04 CET 2014
27-02 10:17:13 [AWT-EventQueue-0] [INFO ] GraphicTest$2[126]: Ending test at Thu Feb 27 10:17:13 CET 2014
27-02 10:17:48 [main] [INFO ] GraphicTest[65]: Starting test at Thu Feb 27 10:17:48 CET 2014
27-02 10:17:55 [AWT-EventQueue-0] [INFO ] GraphicTest$2[126]: Ending test at Thu Feb 27 10:17:55 CET 2014
27-02 10:18:25 [main] [INFO ] GraphicTest[65]: Starting test at Thu Feb 27 10:18:25 CET 2014
27-02 10:18:32 [AWT-EventQueue-0] [INFO ] GraphicTest$2[126]: Ending test at Thu Feb 27 10:18:32 CET 2014
27-02 10:19:21 [main] [INFO ] GraphicTest[65]: Starting test at Thu Feb 27 10:19:21 CET 2014
27-02 10:19:29 [AWT-EventQueue-0] [INFO ] GraphicTest$2[126]: Ending test at Thu Feb 27 10:19:29 CET 2014
27-02 10:19:53 [main] [INFO ] GraphicTest[65]: Starting test at Thu Feb 27 10:19:53 CET 2014
27-02 10:19:58 [AWT-EventQueue-0] [INFO ] GraphicTest$2[127]: Ending test at Thu Feb 27 10:19:58 CET 2014
27-02 10:20:05 [main] [INFO ] GraphicTest[65]: Starting test at Thu Feb 27 10:20:05 CET 2014
27-02 10:20:09 [AWT-EventQueue-0] [INFO ] GraphicTest$2[127]: Ending test at Thu Feb 27 10:20:09 CET 2014
27-02 10:20:26 [main] [INFO ] GraphicTest[65]: Starting test at Thu Feb 27 10:20:26 CET 2014
27-02 10:20:26 [main] [ERROR] GraphicTest[72]: pre start
27-02 10:20:30 [AWT-EventQueue-0] [INFO ] GraphicTest$2[127]: Ending test at Thu Feb 27 10:20:30 CET 2014
27-02 10:20:47 [main] [INFO ] GraphicTest[65]: Starting test at Thu Feb 27 10:20:47 CET 2014
27-02 10:20:51 [AWT-EventQueue-0] [INFO ] GraphicTest$2[126]: Ending test at Thu Feb 27 10:20:51 CET 2014
27-02 10:22:01 [main] [INFO ] GraphicTest[65]: Starting test at Thu Feb 27 10:22:01 CET 2014
27-02 10:22:01 [main] [ERROR] GraphicTest[190]: paused
27-02 10:22:06 [AWT-EventQueue-0] [INFO ] GraphicTest$2[126]: Ending test at Thu Feb 27 10:22:06 CET 2014
27-02 10:23:45 [main] [INFO ] GraphicTest[63]: Starting test at Thu Feb 27 10:23:45 CET 2014
27-02 10:24:01 [AWT-EventQueue-0] [INFO ] GraphicTest$2[120]: Ending test at Thu Feb 27 10:24:01 CET 2014
27-02 10:24:08 [main] [INFO ] GraphicTest[63]: Starting test at Thu Feb 27 10:24:08 CET 2014
27-02 10:24:14 [AWT-EventQueue-0] [INFO ] GraphicTest$2[120]: Ending test at Thu Feb 27 10:24:14 CET 2014
27-02 10:25:17 [main] [INFO ] GraphicTest[63]: Starting test at Thu Feb 27 10:25:17 CET 2014
27-02 10:27:32 [main] [INFO ] GraphicTest[63]: Starting test at Thu Feb 27 10:27:32 CET 2014
27-02 10:27:38 [AWT-EventQueue-0] [INFO ] GraphicTest$2[120]: Ending test at Thu Feb 27 10:27:38 CET 2014
27-02 10:28:26 [main] [INFO ] GraphicTest[61]: Starting test at Thu Feb 27 10:28:26 CET 2014
27-02 10:28:56 [AWT-EventQueue-0] [INFO ] GraphicTest$2[120]: Ending test at Thu Feb 27 10:28:56 CET 2014
27-02 10:32:12 [main] [INFO ] GraphicTest[61]: Starting test at Thu Feb 27 10:32:12 CET 2014
27-02 10:32:53 [AWT-EventQueue-0] [INFO ] GraphicTest$2[120]: Ending test at Thu Feb 27 10:32:53 CET 2014
27-02 10:32:57 [AWT-EventQueue-0] [INFO ] GraphicTest$2[120]: Ending test at Thu Feb 27 10:32:57 CET 2014
27-02 10:35:26 [main] [INFO ] GraphicTest[61]: Starting test at Thu Feb 27 10:35:26 CET 2014
27-02 10:35:48 [AWT-EventQueue-0] [INFO ] GraphicTest$2[120]: Ending test at Thu Feb 27 10:35:48 CET 2014
27-02 10:36:18 [main] [INFO ] GraphicTest[61]: Starting test at Thu Feb 27 10:36:18 CET 2014
27-02 10:36:52 [main] [INFO ] GraphicTest[61]: Starting test at Thu Feb 27 10:36:52 CET 2014
27-02 10:37:07 [AWT-EventQueue-0] [INFO ] GraphicTest$2[119]: Ending test at Thu Feb 27 10:37:07 CET 2014
27-02 10:37:11 [AWT-EventQueue-0] [INFO ] GraphicTest$2[119]: Ending test at Thu Feb 27 10:37:11 CET 2014
27-02 10:38:31 [main] [INFO ] GraphicTest[61]: Starting test at Thu Feb 27 10:38:31 CET 2014
27-02 10:38:42 [AWT-EventQueue-0] [INFO ] GraphicTest$2[120]: Ending test at Thu Feb 27 10:38:42 CET 2014
27-02 10:39:12 [main] [INFO ] GraphicTest[61]: Starting test at Thu Feb 27 10:39:12 CET 2014
27-02 10:39:27 [AWT-EventQueue-0] [INFO ] GraphicTest$2[121]: Ending test at Thu Feb 27 10:39:27 CET 2014
27-02 10:42:09 [main] [INFO ] GraphicTest[61]: Starting test at Thu Feb 27 10:42:09 CET 2014
27-02 10:46:32 [main] [INFO ] GraphicTest[61]: Starting test at Thu Feb 27 10:46:32 CET 2014
27-02 10:46:47 [AWT-EventQueue-0] [INFO ] GraphicTest$2[121]: Ending test at Thu Feb 27 10:46:47 CET 2014
27-02 10:48:40 [main] [INFO ] GraphicTest[61]: Starting test at Thu Feb 27 10:48:40 CET 2014
27-02 10:49:04 [main] [INFO ] GraphicTest[61]: Starting test at Thu Feb 27 10:49:04 CET 2014
27-02 10:49:19 [AWT-EventQueue-0] [INFO ] GraphicTest$2[121]: Ending test at Thu Feb 27 10:49:19 CET 2014
27-02 10:49:38 [AWT-EventQueue-0] [INFO ] GraphicTest$2[121]: Ending test at Thu Feb 27 10:49:38 CET 2014
27-02 10:49:41 [main] [INFO ] GraphicTest[61]: Starting test at Thu Feb 27 10:49:41 CET 2014
27-02 10:49:49 [AWT-EventQueue-0] [INFO ] GraphicTest$2[121]: Ending test at Thu Feb 27 10:49:49 CET 2014
27-02 10:50:21 [main] [INFO ] GraphicTest[61]: Starting test at Thu Feb 27 10:50:21 CET 2014
27-02 10:50:28 [AWT-EventQueue-0] [INFO ] GraphicTest$2[121]: Ending test at Thu Feb 27 10:50:28 CET 2014
27-02 10:51:07 [main] [INFO ] GraphicTest[61]: Starting test at Thu Feb 27 10:51:07 CET 2014
27-02 10:52:19 [AWT-EventQueue-0] [INFO ] GraphicTest$2[121]: Ending test at Thu Feb 27 10:52:19 CET 2014
27-02 10:52:21 [main] [INFO ] GraphicTest[61]: Starting test at Thu Feb 27 10:52:21 CET 2014
27-02 10:52:46 [AWT-EventQueue-0] [INFO ] GraphicTest$2[121]: Ending test at Thu Feb 27 10:52:46 CET 2014
27-02 10:55:46 [main] [INFO ] GraphicTest[61]: Starting test at Thu Feb 27 10:55:46 CET 2014
27-02 11:06:02 [main] [INFO ] GraphicTest[61]: Starting test at Thu Feb 27 11:06:02 CET 2014
27-02 11:06:11 [AWT-EventQueue-0] [INFO ] GraphicTest$2[121]: Ending test at Thu Feb 27 11:06:11 CET 2014
27-02 11:07:02 [main] [INFO ] GraphicTest[61]: Starting test at Thu Feb 27 11:07:02 CET 2014
27-02 11:07:10 [AWT-EventQueue-0] [INFO ] GraphicTest$2[121]: Ending test at Thu Feb 27 11:07:10 CET 2014
27-02 11:07:27 [main] [INFO ] GraphicTest[61]: Starting test at Thu Feb 27 11:07:27 CET 2014
27-02 11:07:32 [AWT-EventQueue-0] [INFO ] GraphicTest$2[121]: Ending test at Thu Feb 27 11:07:32 CET 2014
27-02 11:07:37 [main] [INFO ] GraphicTest[61]: Starting test at Thu Feb 27 11:07:37 CET 2014
27-02 11:07:46 [AWT-EventQueue-0] [INFO ] GraphicTest$2[121]: Ending test at Thu Feb 27 11:07:46 CET 2014
27-02 11:08:07 [main] [INFO ] GraphicTest[61]: Starting test at Thu Feb 27 11:08:07 CET 2014
27-02 11:08:16 [AWT-EventQueue-0] [INFO ] GraphicTest$2[121]: Ending test at Thu Feb 27 11:08:16 CET 2014
27-02 11:12:33 [AWT-EventQueue-0] [INFO ] GraphicTest$2[121]: Ending test at Thu Feb 27 11:12:33 CET 2014
27-02 12:20:18 [main] [INFO ] GraphicTest[61]: Starting test at Thu Feb 27 12:20:18 CET 2014
27-02 12:20:31 [AWT-EventQueue-0] [INFO ] GraphicTest$2[121]: Ending test at Thu Feb 27 12:20:31 CET 2014
27-02 12:24:00 [main] [INFO ] GraphicTest[61]: Starting test at Thu Feb 27 12:24:00 CET 2014
27-02 12:24:26 [AWT-EventQueue-0] [INFO ] GraphicTest$2[121]: Ending test at Thu Feb 27 12:24:26 CET 2014
27-02 12:25:28 [main] [INFO ] GraphicTest[61]: Starting test at Thu Feb 27 12:25:28 CET 2014
27-02 12:25:46 [AWT-EventQueue-0] [INFO ] GraphicTest$2[121]: Ending test at Thu Feb 27 12:25:46 CET 2014
27-02 12:26:44 [main] [INFO ] GraphicTest[61]: Starting test at Thu Feb 27 12:26:44 CET 2014
27-02 12:28:12 [main] [INFO ] GraphicTest[61]: Starting test at Thu Feb 27 12:28:12 CET 2014
27-02 12:28:33 [AWT-EventQueue-0] [INFO ] GraphicTest$2[121]: Ending test at Thu Feb 27 12:28:33 CET 2014
27-02 12:37:22 [main] [INFO ] GraphicTest[61]: Starting test at Thu Feb 27 12:37:22 CET 2014
27-02 12:37:38 [AWT-EventQueue-0] [INFO ] GraphicTest$2[121]: Ending test at Thu Feb 27 12:37:38 CET 2014
27-02 12:49:07 [main] [INFO ] GraphicTest[61]: Starting test at Thu Feb 27 12:49:07 CET 2014
27-02 12:49:33 [AWT-EventQueue-0] [INFO ] GraphicTest$2[121]: Ending test at Thu Feb 27 12:49:33 CET 2014
27-02 12:49:52 [main] [INFO ] GraphicTest[61]: Starting test at Thu Feb 27 12:49:52 CET 2014
27-02 12:50:24 [AWT-EventQueue-0] [INFO ] GraphicTest$2[121]: Ending test at Thu Feb 27 12:50:24 CET 2014
27-02 12:50:45 [AWT-EventQueue-0] [INFO ] GraphicTest$2[121]: Ending test at Thu Feb 27 12:50:45 CET 2014
27-02 12:59:03 [main] [INFO ] GraphicTest[61]: Starting test at Thu Feb 27 12:59:03 CET 2014
27-02 12:59:09 [AWT-EventQueue-0] [INFO ] GraphicTest$2[121]: Ending test at Thu Feb 27 12:59:09 CET 2014
27-02 12:59:30 [main] [INFO ] GraphicTest[61]: Starting test at Thu Feb 27 12:59:30 CET 2014
27-02 12:59:47 [AWT-EventQueue-0] [INFO ] GraphicTest$2[121]: Ending test at Thu Feb 27 12:59:47 CET 2014
27-02 13:06:42 [main] [INFO ] GraphicTest[61]: Starting test at Thu Feb 27 13:06:42 CET 2014
27-02 13:06:56 [AWT-EventQueue-0] [INFO ] GraphicTest$2[121]: Ending test at Thu Feb 27 13:06:56 CET 2014
27-02 13:09:08 [main] [INFO ] GraphicTest[61]: Starting test at Thu Feb 27 13:09:08 CET 2014
27-02 13:09:15 [AWT-EventQueue-0] [INFO ] GraphicTest$2[121]: Ending test at Thu Feb 27 13:09:15 CET 2014
27-02 13:09:46 [main] [INFO ] GraphicTest[61]: Starting test at Thu Feb 27 13:09:46 CET 2014
27-02 13:09:59 [AWT-EventQueue-0] [INFO ] GraphicTest$2[121]: Ending test at Thu Feb 27 13:09:59 CET 2014
27-02 13:10:33 [main] [INFO ] GraphicTest[61]: Starting test at Thu Feb 27 13:10:33 CET 2014
27-02 13:10:50 [AWT-EventQueue-0] [INFO ] GraphicTest$2[121]: Ending test at Thu Feb 27 13:10:50 CET 2014
27-02 13:38:01 [main] [INFO ] GraphicTest[61]: Starting test at Thu Feb 27 13:38:01 CET 2014
27-02 13:38:10 [AWT-EventQueue-0] [INFO ] GraphicTest$2[121]: Ending test at Thu Feb 27 13:38:10 CET 2014
27-02 14:19:13 [main] [INFO ] GraphicTest[61]: Starting test at Thu Feb 27 14:19:13 CET 2014
27-02 14:19:27 [AWT-EventQueue-0] [INFO ] GraphicTest$2[121]: Ending test at Thu Feb 27 14:19:27 CET 2014
27-02 14:44:24 [main] [INFO ] GraphicTest[61]: Starting test at Thu Feb 27 14:44:24 CET 2014
27-02 14:44:44 [AWT-EventQueue-0] [INFO ] GraphicTest$2[121]: Ending test at Thu Feb 27 14:44:44 CET 2014
27-02 14:51:16 [main] [INFO ] GraphicTest[61]: Starting test at Thu Feb 27 14:51:16 CET 2014
27-02 14:51:43 [main] [INFO ] GraphicTest[61]: Starting test at Thu Feb 27 14:51:43 CET 2014
27-02 14:53:15 [AWT-EventQueue-0] [INFO ] GraphicTest$2[121]: Ending test at Thu Feb 27 14:53:15 CET 2014
27-02 14:53:19 [AWT-EventQueue-0] [INFO ] GraphicTest$2[121]: Ending test at Thu Feb 27 14:53:19 CET 2014
27-02 14:53:30 [main] [INFO ] GraphicTest[61]: Starting test at Thu Feb 27 14:53:30 CET 2014
27-02 14:53:41 [AWT-EventQueue-0] [INFO ] GraphicTest$2[121]: Ending test at Thu Feb 27 14:53:41 CET 2014
